uwsgi: unrecognized option '--http:80'
getopt_long() error
*** Starting uWSGI 2.0.17 (64bit) on [Wed Jul 18 17:35:58 2018] ***
compiled with version: 4.8.5 20150623 (Red Hat 4.8.5-28) on 11 July 2018 07:13:37
os: Linux-3.10.0-514.26.2.el7.x86_64 #1 SMP Tue Jul 4 15:04:05 UTC 2017
nodename: iZwz99kqlmquu4bvrmg6yiZ
machine: x86_64
clock source: unix
pcre jit disabled
detected number of CPU cores: 1
current working directory: /root/Myblog
detected binary path: /usr/local/bin/uwsgi
uWSGI running as root, you can use --uid/--gid/--chroot options
*** WARNING: you are running uWSGI as root !!! (use the --uid flag) *** 
*** WARNING: you are running uWSGI without its master process manager ***
your processes number limit is 7284
your memory page size is 4096 bytes
detected max file descriptor number: 65535
lock engine: pthread robust mutexes
thunder lock: disabled (you can enable it with --thunder-lock)
uWSGI http bound on :80 fd 4
spawned uWSGI http 1 (pid: 30197)
uwsgi socket 0 bound to TCP address 127.0.0.1:34519 (port auto-assigned) fd 3
uWSGI running as root, you can use --uid/--gid/--chroot options
*** WARNING: you are running uWSGI as root !!! (use the --uid flag) *** 
Python version: 3.6.1 (default, May 15 2018, 17:41:40)  [GCC 4.8.5 20150623 (Red Hat 4.8.5-28)]
*** Python threads support is disabled. You can enable it with --enable-threads ***
Python main interpreter initialized at 0x14e6f20
uWSGI running as root, you can use --uid/--gid/--chroot options
*** WARNING: you are running uWSGI as root !!! (use the --uid flag) *** 
your server socket listen backlog is limited to 100 connections
your mercy for graceful operations on workers is 60 seconds
mapped 72920 bytes (71 KB) for 1 cores
*** Operational MODE: single process ***
ModuleNotFoundError: No module named 'Myblog'
unable to load app 0 (mountpoint='') (callable not found or import error)
*** no app loaded. going in full dynamic mode ***
uWSGI running as root, you can use --uid/--gid/--chroot options
*** WARNING: you are running uWSGI as root !!! (use the --uid flag) *** 
*** uWSGI is running in multiple interpreter mode ***
spawned uWSGI worker 1 (and the only) (pid: 30196, cores: 1)
--- no python application found, check your startup logs for errors ---
[pid: 30196|app: -1|req: -1/1] 36.157.185.107 () {38 vars in 719 bytes} [Wed Jul 18 17:36:08 2018] GET / => generated 21 bytes in 0 msecs (HTTP/1.1 500) 2 headers in 83 bytes (0 switches on core 0)
--- no python application found, check your startup logs for errors ---
[pid: 30196|app: -1|req: -1/2] 36.157.185.107 () {38 vars in 697 bytes} [Wed Jul 18 17:36:09 2018] GET /favicon.ico => generated 21 bytes in 0 msecs (HTTP/1.1 500) 2 headers in 83 bytes (0 switches on core 0)
